{"/Users/yulia/REACT2025/rs-react-app/src/Components/CardModal/cardModal.tsx": {"path":"/Users/yulia/REACT2025/rs-react-app/src/Components/CardModal/cardModal.tsx","all":false,"statementMap":{"0":{"start":{"line":1,"column":0},"end":{"line":1,"column":41}},"1":{"start":{"line":2,"column":0},"end":{"line":2,"column":26}},"13":{"start":{"line":14,"column":0},"end":{"line":14,"column":46}},"14":{"start":{"line":15,"column":0},"end":{"line":15,"column":10}},"15":{"start":{"line":16,"column":0},"end":{"line":16,"column":33}},"16":{"start":{"line":17,"column":0},"end":{"line":17,"column":10}},"17":{"start":{"line":18,"column":0},"end":{"line":18,"column":36}},"18":{"start":{"line":19,"column":0},"end":{"line":19,"column":86}},"19":{"start":{"line":20,"column":0},"end":{"line":20,"column":25}},"20":{"start":{"line":21,"column":0},"end":{"line":21,"column":38}},"21":{"start":{"line":22,"column":0},"end":{"line":22,"column":8}},"22":{"start":{"line":23,"column":0},"end":{"line":23,"column":42}},"23":{"start":{"line":24,"column":0},"end":{"line":24,"column":43}},"24":{"start":{"line":25,"column":0},"end":{"line":25,"column":11}},"25":{"start":{"line":26,"column":0},"end":{"line":26,"column":41}},"26":{"start":{"line":27,"column":0},"end":{"line":27,"column":34}},"27":{"start":{"line":28,"column":0},"end":{"line":28,"column":11}},"28":{"start":{"line":29,"column":0},"end":{"line":29,"column":40}},"29":{"start":{"line":30,"column":0},"end":{"line":30,"column":41}},"30":{"start":{"line":31,"column":0},"end":{"line":31,"column":11}},"31":{"start":{"line":32,"column":0},"end":{"line":32,"column":48}},"32":{"start":{"line":33,"column":0},"end":{"line":33,"column":55}},"33":{"start":{"line":34,"column":0},"end":{"line":34,"column":11}},"34":{"start":{"line":35,"column":0},"end":{"line":35,"column":47}},"35":{"start":{"line":36,"column":0},"end":{"line":36,"column":50}},"36":{"start":{"line":37,"column":0},"end":{"line":37,"column":11}},"37":{"start":{"line":38,"column":0},"end":{"line":38,"column":9}},"39":{"start":{"line":40,"column":0},"end":{"line":40,"column":1}}},"s":{"0":1,"1":1,"13":1,"14":1,"15":1,"16":1,"17":1,"18":1,"19":1,"20":1,"21":1,"22":1,"23":1,"24":1,"25":1,"26":1,"27":1,"28":1,"29":1,"30":1,"31":1,"32":1,"33":1,"34":1,"35":1,"36":1,"37":1,"39":1},"branchMap":{"0":{"type":"branch","line":14,"loc":{"start":{"line":14,"column":7},"end":{"line":40,"column":1}},"locations":[{"start":{"line":14,"column":7},"end":{"line":40,"column":1}}]}},"b":{"0":[1]},"fnMap":{"0":{"name":"CardModal","decl":{"start":{"line":14,"column":7},"end":{"line":40,"column":1}},"loc":{"start":{"line":14,"column":7},"end":{"line":40,"column":1}},"line":14}},"f":{"0":1}}
,"/Users/yulia/REACT2025/rs-react-app/src/Components/Checkbox/checkbox.tsx": {"path":"/Users/yulia/REACT2025/rs-react-app/src/Components/Checkbox/checkbox.tsx","all":false,"statementMap":{"0":{"start":{"line":1,"column":0},"end":{"line":1,"column":41}},"1":{"start":{"line":2,"column":0},"end":{"line":2,"column":26}},"9":{"start":{"line":10,"column":0},"end":{"line":10,"column":61}},"10":{"start":{"line":11,"column":0},"end":{"line":11,"column":38}},"12":{"start":{"line":13,"column":0},"end":{"line":13,"column":10}},"13":{"start":{"line":14,"column":0},"end":{"line":14,"column":60}},"14":{"start":{"line":15,"column":0},"end":{"line":15,"column":12}},"15":{"start":{"line":16,"column":0},"end":{"line":16,"column":23}},"16":{"start":{"line":17,"column":0},"end":{"line":17,"column":23}},"17":{"start":{"line":18,"column":0},"end":{"line":18,"column":40}},"18":{"start":{"line":19,"column":0},"end":{"line":19,"column":33}},"19":{"start":{"line":20,"column":0},"end":{"line":20,"column":8}},"20":{"start":{"line":21,"column":0},"end":{"line":21,"column":42}},"21":{"start":{"line":22,"column":0},"end":{"line":22,"column":10}},"23":{"start":{"line":24,"column":0},"end":{"line":24,"column":2}}},"s":{"0":1,"1":1,"9":1,"10":3,"12":3,"13":3,"14":3,"15":3,"16":3,"17":3,"18":3,"19":3,"20":3,"21":3,"23":3},"branchMap":{"0":{"type":"branch","line":10,"loc":{"start":{"line":10,"column":38},"end":{"line":24,"column":2}},"locations":[{"start":{"line":10,"column":38},"end":{"line":24,"column":2}}]},"1":{"type":"branch","line":18,"loc":{"start":{"line":18,"column":23},"end":{"line":18,"column":40}},"locations":[{"start":{"line":18,"column":23},"end":{"line":18,"column":40}}]}},"b":{"0":[3],"1":[2]},"fnMap":{"0":{"name":"Checkbox","decl":{"start":{"line":10,"column":38},"end":{"line":24,"column":2}},"loc":{"start":{"line":10,"column":38},"end":{"line":24,"column":2}},"line":10}},"f":{"0":3}}
,"/Users/yulia/REACT2025/rs-react-app/src/Components/Context/themeProvider.tsx": {"path":"/Users/yulia/REACT2025/rs-react-app/src/Components/Context/themeProvider.tsx","all":false,"statementMap":{"0":{"start":{"line":1,"column":0},"end":{"line":1,"column":71}},"1":{"start":{"line":2,"column":0},"end":{"line":2,"column":26}},"10":{"start":{"line":11,"column":0},"end":{"line":11,"column":61}},"11":{"start":{"line":12,"column":0},"end":{"line":12,"column":17}},"12":{"start":{"line":13,"column":0},"end":{"line":13,"column":24}},"13":{"start":{"line":14,"column":0},"end":{"line":14,"column":3}},"15":{"start":{"line":16,"column":0},"end":{"line":16,"column":73}},"16":{"start":{"line":17,"column":0},"end":{"line":17,"column":56}},"18":{"start":{"line":19,"column":0},"end":{"line":19,"column":29}},"19":{"start":{"line":20,"column":0},"end":{"line":20,"column":29}},"20":{"start":{"line":21,"column":0},"end":{"line":21,"column":47}},"21":{"start":{"line":22,"column":0},"end":{"line":22,"column":45}},"22":{"start":{"line":23,"column":0},"end":{"line":23,"column":21}},"23":{"start":{"line":24,"column":0},"end":{"line":24,"column":7}},"24":{"start":{"line":25,"column":0},"end":{"line":25,"column":4}},"26":{"start":{"line":27,"column":0},"end":{"line":27,"column":10}},"27":{"start":{"line":28,"column":0},"end":{"line":28,"column":58}},"28":{"start":{"line":29,"column":0},"end":{"line":29,"column":16}},"29":{"start":{"line":30,"column":0},"end":{"line":30,"column":28}},"31":{"start":{"line":32,"column":0},"end":{"line":32,"column":2}},"32":{"start":{"line":33,"column":0},"end":{"line":33,"column":32}},"33":{"start":{"line":34,"column":0},"end":{"line":34,"column":43}},"34":{"start":{"line":35,"column":0},"end":{"line":35,"column":17}},"35":{"start":{"line":36,"column":0},"end":{"line":36,"column":68}},"36":{"start":{"line":37,"column":0},"end":{"line":37,"column":3}},"37":{"start":{"line":38,"column":0},"end":{"line":38,"column":17}},"38":{"start":{"line":39,"column":0},"end":{"line":39,"column":2}}},"s":{"0":1,"1":1,"10":1,"11":1,"12":1,"13":1,"15":1,"16":10,"18":10,"19":6,"20":6,"21":6,"22":1,"23":6,"24":6,"26":10,"27":10,"28":10,"29":10,"31":10,"32":1,"33":0,"34":0,"35":0,"36":0,"37":0,"38":0},"branchMap":{"0":{"type":"branch","line":16,"loc":{"start":{"line":16,"column":29},"end":{"line":32,"column":2}},"locations":[{"start":{"line":16,"column":29},"end":{"line":32,"column":2}}]},"1":{"type":"branch","line":19,"loc":{"start":{"line":19,"column":22},"end":{"line":25,"column":4}},"locations":[{"start":{"line":19,"column":22},"end":{"line":25,"column":4}}]},"2":{"type":"branch","line":20,"loc":{"start":{"line":20,"column":13},"end":{"line":24,"column":5}},"locations":[{"start":{"line":20,"column":13},"end":{"line":24,"column":5}}]},"3":{"type":"branch","line":21,"loc":{"start":{"line":21,"column":33},"end":{"line":22,"column":39}},"locations":[{"start":{"line":21,"column":33},"end":{"line":22,"column":39}}]},"4":{"type":"branch","line":22,"loc":{"start":{"line":22,"column":32},"end":{"line":22,"column":45}},"locations":[{"start":{"line":22,"column":32},"end":{"line":22,"column":45}}]},"5":{"type":"branch","line":22,"loc":{"start":{"line":22,"column":39},"end":{"line":23,"column":21}},"locations":[{"start":{"line":22,"column":39},"end":{"line":23,"column":21}}]}},"b":{"0":[10],"1":[6],"2":[6],"3":[3],"4":[2],"5":[1]},"fnMap":{"0":{"name":"toggleTheme","decl":{"start":{"line":13,"column":15},"end":{"line":13,"column":24}},"loc":{"start":{"line":13,"column":15},"end":{"line":13,"column":24}},"line":13},"1":{"name":"ThemeProvider","decl":{"start":{"line":16,"column":29},"end":{"line":32,"column":2}},"loc":{"start":{"line":16,"column":29},"end":{"line":32,"column":2}},"line":16},"2":{"name":"toggleTheme","decl":{"start":{"line":19,"column":22},"end":{"line":25,"column":4}},"loc":{"start":{"line":19,"column":22},"end":{"line":25,"column":4}},"line":19},"3":{"name":"useTheme","decl":{"start":{"line":33,"column":24},"end":{"line":39,"column":2}},"loc":{"start":{"line":33,"column":24},"end":{"line":39,"column":2}},"line":33}},"f":{"0":0,"1":10,"2":6,"3":0}}
,"/Users/yulia/REACT2025/rs-react-app/src/Components/ErrorBoundary/index.tsx": {"path":"/Users/yulia/REACT2025/rs-react-app/src/Components/ErrorBoundary/index.tsx","all":false,"statementMap":{"0":{"start":{"line":1,"column":0},"end":{"line":1,"column":22}},"1":{"start":{"line":2,"column":0},"end":{"line":2,"column":41}},"12":{"start":{"line":13,"column":0},"end":{"line":13,"column":59}},"15":{"start":{"line":16,"column":0},"end":{"line":16,"column":3}},"16":{"start":{"line":17,"column":0},"end":{"line":17,"column":29}},"18":{"start":{"line":19,"column":0},"end":{"line":19,"column":49}},"19":{"start":{"line":20,"column":0},"end":{"line":20,"column":36}},"20":{"start":{"line":21,"column":0},"end":{"line":21,"column":3}},"22":{"start":{"line":23,"column":0},"end":{"line":23,"column":63}},"23":{"start":{"line":24,"column":0},"end":{"line":24,"column":54}},"24":{"start":{"line":25,"column":0},"end":{"line":25,"column":3}},"26":{"start":{"line":27,"column":0},"end":{"line":27,"column":23}},"27":{"start":{"line":28,"column":0},"end":{"line":28,"column":29}},"28":{"start":{"line":29,"column":0},"end":{"line":29,"column":14}},"29":{"start":{"line":30,"column":0},"end":{"line":30,"column":62}},"30":{"start":{"line":31,"column":0},"end":{"line":31,"column":39}},"31":{"start":{"line":32,"column":0},"end":{"line":32,"column":14}},"33":{"start":{"line":34,"column":0},"end":{"line":34,"column":5}},"35":{"start":{"line":36,"column":0},"end":{"line":36,"column":31}},"36":{"start":{"line":37,"column":0},"end":{"line":37,"column":3}},"37":{"start":{"line":38,"column":0},"end":{"line":38,"column":1}}},"s":{"0":1,"1":1,"12":1,"15":1,"16":3,"18":3,"19":4,"20":4,"22":3,"23":2,"24":2,"26":3,"27":7,"28":4,"29":4,"30":4,"31":4,"33":4,"35":3,"36":7,"37":3},"branchMap":{"0":{"type":"branch","line":16,"loc":{"start":{"line":16,"column":2},"end":{"line":38,"column":1}},"locations":[{"start":{"line":16,"column":2},"end":{"line":38,"column":1}}]},"1":{"type":"branch","line":19,"loc":{"start":{"line":19,"column":9},"end":{"line":21,"column":3}},"locations":[{"start":{"line":19,"column":9},"end":{"line":21,"column":3}}]},"2":{"type":"branch","line":23,"loc":{"start":{"line":23,"column":2},"end":{"line":25,"column":3}},"locations":[{"start":{"line":23,"column":2},"end":{"line":25,"column":3}}]},"3":{"type":"branch","line":27,"loc":{"start":{"line":27,"column":2},"end":{"line":37,"column":3}},"locations":[{"start":{"line":27,"column":2},"end":{"line":37,"column":3}}]},"4":{"type":"branch","line":28,"loc":{"start":{"line":28,"column":28},"end":{"line":34,"column":5}},"locations":[{"start":{"line":28,"column":28},"end":{"line":34,"column":5}}]},"5":{"type":"branch","line":34,"loc":{"start":{"line":34,"column":4},"end":{"line":36,"column":31}},"locations":[{"start":{"line":34,"column":4},"end":{"line":36,"column":31}}]}},"b":{"0":[3],"1":[4],"2":[2],"3":[7],"4":[4],"5":[3]},"fnMap":{"0":{"name":"<instance_members_initializer>","decl":{"start":{"line":16,"column":2},"end":{"line":38,"column":1}},"loc":{"start":{"line":16,"column":2},"end":{"line":38,"column":1}},"line":16},"1":{"name":"getDerivedStateFromError","decl":{"start":{"line":19,"column":9},"end":{"line":21,"column":3}},"loc":{"start":{"line":19,"column":9},"end":{"line":21,"column":3}},"line":19},"2":{"name":"componentDidCatch","decl":{"start":{"line":23,"column":2},"end":{"line":25,"column":3}},"loc":{"start":{"line":23,"column":2},"end":{"line":25,"column":3}},"line":23},"3":{"name":"render","decl":{"start":{"line":27,"column":2},"end":{"line":37,"column":3}},"loc":{"start":{"line":27,"column":2},"end":{"line":37,"column":3}},"line":27}},"f":{"0":3,"1":4,"2":2,"3":7}}
,"/Users/yulia/REACT2025/rs-react-app/src/Components/ErrorButton/index.tsx": {"path":"/Users/yulia/REACT2025/rs-react-app/src/Components/ErrorButton/index.tsx","all":false,"statementMap":{"0":{"start":{"line":1,"column":0},"end":{"line":1,"column":22}},"1":{"start":{"line":2,"column":0},"end":{"line":2,"column":40}},"3":{"start":{"line":4,"column":0},"end":{"line":4,"column":44}},"4":{"start":{"line":5,"column":0},"end":{"line":5,"column":48}},"6":{"start":{"line":7,"column":0},"end":{"line":7,"column":27}},"7":{"start":{"line":8,"column":0},"end":{"line":8,"column":21}},"8":{"start":{"line":9,"column":0},"end":{"line":9,"column":4}},"10":{"start":{"line":11,"column":0},"end":{"line":11,"column":16}},"11":{"start":{"line":12,"column":0},"end":{"line":12,"column":59}},"12":{"start":{"line":13,"column":0},"end":{"line":13,"column":3}},"14":{"start":{"line":15,"column":0},"end":{"line":15,"column":10}},"15":{"start":{"line":16,"column":0},"end":{"line":16,"column":11}},"16":{"start":{"line":17,"column":0},"end":{"line":17,"column":30}},"17":{"start":{"line":18,"column":0},"end":{"line":18,"column":25}},"18":{"start":{"line":19,"column":0},"end":{"line":19,"column":32}},"19":{"start":{"line":20,"column":0},"end":{"line":20,"column":5}},"21":{"start":{"line":22,"column":0},"end":{"line":22,"column":13}},"23":{"start":{"line":24,"column":0},"end":{"line":24,"column":2}}},"s":{"0":1,"1":1,"3":1,"4":18,"6":18,"7":3,"8":3,"10":18,"11":12,"12":12,"14":4,"15":4,"16":4,"17":4,"18":4,"19":4,"21":4,"23":4},"branchMap":{"0":{"type":"branch","line":4,"loc":{"start":{"line":4,"column":37},"end":{"line":24,"column":2}},"locations":[{"start":{"line":4,"column":37},"end":{"line":24,"column":2}}]},"1":{"type":"branch","line":11,"loc":{"start":{"line":11,"column":15},"end":{"line":13,"column":3}},"locations":[{"start":{"line":11,"column":15},"end":{"line":13,"column":3}}]},"2":{"type":"branch","line":13,"loc":{"start":{"line":13,"column":2},"end":{"line":24,"column":2}},"locations":[{"start":{"line":13,"column":2},"end":{"line":24,"column":2}}]},"3":{"type":"branch","line":7,"loc":{"start":{"line":7,"column":20},"end":{"line":9,"column":4}},"locations":[{"start":{"line":7,"column":20},"end":{"line":9,"column":4}}]}},"b":{"0":[18],"1":[12],"2":[4],"3":[3]},"fnMap":{"0":{"name":"ErrorButton","decl":{"start":{"line":4,"column":37},"end":{"line":24,"column":2}},"loc":{"start":{"line":4,"column":37},"end":{"line":24,"column":2}},"line":4},"1":{"name":"madeError","decl":{"start":{"line":7,"column":20},"end":{"line":9,"column":4}},"loc":{"start":{"line":7,"column":20},"end":{"line":9,"column":4}},"line":7}},"f":{"0":18,"1":3}}
,"/Users/yulia/REACT2025/rs-react-app/src/Components/Pagination/pagination.tsx": {"path":"/Users/yulia/REACT2025/rs-react-app/src/Components/Pagination/pagination.tsx","all":false,"statementMap":{"0":{"start":{"line":1,"column":0},"end":{"line":1,"column":26}},"1":{"start":{"line":2,"column":0},"end":{"line":2,"column":41}},"9":{"start":{"line":10,"column":0},"end":{"line":10,"column":74}},"10":{"start":{"line":11,"column":0},"end":{"line":11,"column":32}},"11":{"start":{"line":12,"column":0},"end":{"line":12,"column":19}},"12":{"start":{"line":13,"column":0},"end":{"line":13,"column":29}},"13":{"start":{"line":14,"column":0},"end":{"line":14,"column":5}},"14":{"start":{"line":15,"column":0},"end":{"line":15,"column":4}},"16":{"start":{"line":17,"column":0},"end":{"line":17,"column":32}},"17":{"start":{"line":18,"column":0},"end":{"line":18,"column":27}},"18":{"start":{"line":19,"column":0},"end":{"line":19,"column":4}},"20":{"start":{"line":21,"column":0},"end":{"line":21,"column":10}},"21":{"start":{"line":22,"column":0},"end":{"line":22,"column":64}},"22":{"start":{"line":23,"column":0},"end":{"line":23,"column":95}},"24":{"start":{"line":25,"column":0},"end":{"line":25,"column":15}},"25":{"start":{"line":26,"column":0},"end":{"line":26,"column":32}},"26":{"start":{"line":27,"column":0},"end":{"line":27,"column":104}},"28":{"start":{"line":29,"column":0},"end":{"line":29,"column":15}},"29":{"start":{"line":30,"column":0},"end":{"line":30,"column":10}},"31":{"start":{"line":32,"column":0},"end":{"line":32,"column":2}}},"s":{"0":1,"1":1,"9":1,"10":6,"11":1,"12":1,"13":1,"14":1,"16":6,"17":1,"18":1,"20":6,"21":6,"22":6,"24":6,"25":6,"26":6,"28":6,"29":6,"31":6},"branchMap":{"0":{"type":"branch","line":10,"loc":{"start":{"line":10,"column":26},"end":{"line":32,"column":2}},"locations":[{"start":{"line":10,"column":26},"end":{"line":32,"column":2}}]},"1":{"type":"branch","line":11,"loc":{"start":{"line":11,"column":25},"end":{"line":15,"column":4}},"locations":[{"start":{"line":11,"column":25},"end":{"line":15,"column":4}}]},"2":{"type":"branch","line":17,"loc":{"start":{"line":17,"column":25},"end":{"line":19,"column":4}},"locations":[{"start":{"line":17,"column":25},"end":{"line":19,"column":4}}]},"3":{"type":"branch","line":23,"loc":{"start":{"line":23,"column":23},"end":{"line":23,"column":47}},"locations":[{"start":{"line":23,"column":23},"end":{"line":23,"column":47}}]},"4":{"type":"branch","line":27,"loc":{"start":{"line":27,"column":23},"end":{"line":27,"column":47}},"locations":[{"start":{"line":27,"column":23},"end":{"line":27,"column":47}}]}},"b":{"0":[6],"1":[1],"2":[1],"3":[1],"4":[1]},"fnMap":{"0":{"name":"Pagination","decl":{"start":{"line":10,"column":26},"end":{"line":32,"column":2}},"loc":{"start":{"line":10,"column":26},"end":{"line":32,"column":2}},"line":10},"1":{"name":"handlePrevPage","decl":{"start":{"line":11,"column":25},"end":{"line":15,"column":4}},"loc":{"start":{"line":11,"column":25},"end":{"line":15,"column":4}},"line":11},"2":{"name":"handleNextPage","decl":{"start":{"line":17,"column":25},"end":{"line":19,"column":4}},"loc":{"start":{"line":17,"column":25},"end":{"line":19,"column":4}},"line":17},"3":{"name":"onClick","decl":{"start":{"line":23,"column":23},"end":{"line":23,"column":47}},"loc":{"start":{"line":23,"column":23},"end":{"line":23,"column":47}},"line":23},"4":{"name":"onClick","decl":{"start":{"line":27,"column":23},"end":{"line":27,"column":47}},"loc":{"start":{"line":27,"column":23},"end":{"line":27,"column":47}},"line":27}},"f":{"0":6,"1":1,"2":1,"3":1,"4":1}}
,"/Users/yulia/REACT2025/rs-react-app/src/Components/Search/search.tsx": {"path":"/Users/yulia/REACT2025/rs-react-app/src/Components/Search/search.tsx","all":false,"statementMap":{"0":{"start":{"line":1,"column":0},"end":{"line":1,"column":41}},"1":{"start":{"line":2,"column":0},"end":{"line":2,"column":33}},"2":{"start":{"line":3,"column":0},"end":{"line":3,"column":26}},"9":{"start":{"line":10,"column":0},"end":{"line":10,"column":63}},"10":{"start":{"line":11,"column":0},"end":{"line":11,"column":63}},"12":{"start":{"line":13,"column":0},"end":{"line":13,"column":52}},"13":{"start":{"line":14,"column":0},"end":{"line":14,"column":27}},"14":{"start":{"line":15,"column":0},"end":{"line":15,"column":26}},"15":{"start":{"line":16,"column":0},"end":{"line":16,"column":4}},"16":{"start":{"line":17,"column":0},"end":{"line":17,"column":10}},"17":{"start":{"line":18,"column":0},"end":{"line":18,"column":35}},"18":{"start":{"line":19,"column":0},"end":{"line":19,"column":11}},"19":{"start":{"line":20,"column":0},"end":{"line":20,"column":38}},"20":{"start":{"line":21,"column":0},"end":{"line":21,"column":33}},"21":{"start":{"line":22,"column":0},"end":{"line":22,"column":31}},"23":{"start":{"line":24,"column":0},"end":{"line":24,"column":14}},"24":{"start":{"line":25,"column":0},"end":{"line":25,"column":21}},"25":{"start":{"line":26,"column":0},"end":{"line":26,"column":23}},"26":{"start":{"line":27,"column":0},"end":{"line":27,"column":46}},"27":{"start":{"line":28,"column":0},"end":{"line":28,"column":33}},"28":{"start":{"line":29,"column":0},"end":{"line":29,"column":23}},"29":{"start":{"line":30,"column":0},"end":{"line":30,"column":52}},"30":{"start":{"line":31,"column":0},"end":{"line":31,"column":10}},"31":{"start":{"line":32,"column":0},"end":{"line":32,"column":13}},"32":{"start":{"line":33,"column":0},"end":{"line":33,"column":10}},"34":{"start":{"line":35,"column":0},"end":{"line":35,"column":2}}},"s":{"0":1,"1":1,"2":1,"9":1,"10":4,"12":4,"13":0,"14":0,"15":0,"16":4,"17":4,"18":4,"19":4,"20":4,"21":4,"23":4,"24":4,"25":4,"26":4,"27":4,"28":4,"29":4,"30":4,"31":4,"32":4,"34":4},"branchMap":{"0":{"type":"branch","line":10,"loc":{"start":{"line":10,"column":38},"end":{"line":35,"column":2}},"locations":[{"start":{"line":10,"column":38},"end":{"line":35,"column":2}}]},"1":{"type":"branch","line":11,"loc":{"start":{"line":11,"column":43},"end":{"line":11,"column":61}},"locations":[{"start":{"line":11,"column":43},"end":{"line":11,"column":61}}]},"2":{"type":"branch","line":30,"loc":{"start":{"line":30,"column":20},"end":{"line":30,"column":52}},"locations":[{"start":{"line":30,"column":20},"end":{"line":30,"column":52}}]}},"b":{"0":[4],"1":[3],"2":[1]},"fnMap":{"0":{"name":"Search","decl":{"start":{"line":10,"column":38},"end":{"line":35,"column":2}},"loc":{"start":{"line":10,"column":38},"end":{"line":35,"column":2}},"line":10},"1":{"name":"handleSubmit","decl":{"start":{"line":13,"column":23},"end":{"line":16,"column":4}},"loc":{"start":{"line":13,"column":23},"end":{"line":16,"column":4}},"line":13},"2":{"name":"onChange","decl":{"start":{"line":30,"column":20},"end":{"line":30,"column":52}},"loc":{"start":{"line":30,"column":20},"end":{"line":30,"column":52}},"line":30}},"f":{"0":4,"1":0,"2":1}}
}
